<?xml version="1.0" encoding="UTF-8"?>
<testsuite name="com.mongodb.crud.samples.LibraryTest" tests="1" skipped="0" failures="0" errors="0" timestamp="2016-05-26T03:14:10" hostname="apples-MacBook-Pro.local" time="0.002">
  <properties/>
  <testcase name="testSomeLibraryMethod" classname="com.mongodb.crud.samples.LibraryTest" time="0.002"/>
  <system-out><![CDATA[]]></system-out>
  <system-err><![CDATA[]]></system-err>
</testsuite>
